app/build/outputs/mapping/release/seeds.txt
com.jfcardenas.musicwall.service.ScrobbleForegroundService
com.jfcardenas.musicwall.api.LyricsService
com.jfcardenas.musicwall.api.SpotifyOEmbedService
com.jfcardenas.musicwall.api.TopAlbumsResponse
com.jfcardenas.musicwall.api.AlbumTracksContainerDeserializer$deserialize$listType$1
com.jfcardenas.musicwall.api.RegisteredInfo
com.jfcardenas.musicwall.api.ApiKeyInterceptor
com.jfcardenas.musicwall.data.local.db.dao.MuralDao_Impl$2
com.jfcardenas.musicwall.api.ArtistMatches
com.jfcardenas.musicwall.api.ArtistInfoResponse
com.jfcardenas.musicwall.data.local.db.MusicWallMigrations
com.jfcardenas.musicwall.data.local.db.dao.LfMatchCacheDao_Impl
com.jfcardenas.musicwall.settings.WallpaperSettingsActivity_GeneratedInjector
com.jfcardenas.musicwall.data.local.db.entity.LocalScrobbleEntity
com.jfcardenas.musicwall.data.local.db.dao.LfMatchCacheDao_Impl$Companion
com.jfcardenas.musicwall.api.UserInfoResponse
com.jfcardenas.musicwall.api.NowPlayingAttr
com.jfcardenas.musicwall.data.local.db.dao.LocalScrobbleDao$DefaultImpls
com.jfcardenas.musicwall.api.TagTopAlbumsResponse
com.jfcardenas.musicwall.api.MasterVersion
com.jfcardenas.musicwall.api.DeezerAlbumSearchResponse
com.jfcardenas.musicwall.api.TrackAlbumRef
com.jfcardenas.musicwall.data.local.db.dao.ArtistDao_Impl
com.jfcardenas.musicwall.api.DiscogsService
com.jfcardenas.musicwall.service.NowPlayingListenerService
com.jfcardenas.musicwall.api.LyricsResponse
com.jfcardenas.musicwall.api.DeezerArtistSearchResponse
com.jfcardenas.musicwall.features.connect.ConnectActivity
com.jfcardenas.musicwall.ui.viewmodel.StyleViewModel
com.jfcardenas.musicwall.api.DeezerAlbum
com.jfcardenas.musicwall.data.local.db.dao.FavoriteAlbumDao
com.jfcardenas.musicwall.ui.viewmodel.ExploreViewModel
com.jfcardenas.musicwall.data.local.db.MusicWallMigrations$MIGRATION_4_5$1
com.jfcardenas.musicwall.api.TrackMatches
com.jfcardenas.musicwall.api.LastFmErrorInterceptor
com.jfcardenas.musicwall.api.UserTopTags
com.jfcardenas.musicwall.api.LastFmApiException
com.jfcardenas.musicwall.api.Album
com.jfcardenas.musicwall.api.TrackSearchResponse
com.jfcardenas.musicwall.data.local.db.dao.FavoriteAlbumDao_Impl$1
com.jfcardenas.musicwall.api.UserTopTagsResponse
com.jfcardenas.musicwall.MusicWallApp
com.jfcardenas.musicwall.api.DeezerApiKt
com.jfcardenas.musicwall.ui.viewmodel.SpotifySourceViewModel
com.jfcardenas.musicwall.ui.viewmodel.GeneratingViewModel
com.jfcardenas.musicwall.api.AlbumInfoResponseDeserializer$deserialize$base$1
com.jfcardenas.musicwall.settings.WallpaperSettingsActivity
com.jfcardenas.musicwall.api.TopArtists
com.jfcardenas.musicwall.api.AlbumInfoResponse
com.jfcardenas.musicwall.api.AlbumTagsWrapper
com.jfcardenas.musicwall.data.local.db.dao.LocalScrobbleDao_Impl$Companion
com.jfcardenas.musicwall.data.local.db.MusicWallDatabase_Impl$createOpenDelegate$_openDelegate$1
com.jfcardenas.musicwall.data.local.db.entity.AlbumEntity
com.jfcardenas.musicwall.data.local.db.entity.VetoedAlbum
com.jfcardenas.musicwall.api.DeezerService
com.jfcardenas.musicwall.api.UserTag
com.jfcardenas.musicwall.api.RecentTrack
com.jfcardenas.musicwall.data.local.db.MusicWallMigrations$MIGRATION_5_6$1
com.jfcardenas.musicwall.data.local.db.dao.ArtistDao
com.jfcardenas.musicwall.api.RecentTracksResponse
com.jfcardenas.musicwall.ui.viewmodel.MuralHistoryViewModel
com.jfcardenas.musicwall.MainActivity
com.jfcardenas.musicwall.api.AlbumTracksContainer
com.jfcardenas.musicwall.api.LastFmImage
com.jfcardenas.musicwall.api.LovedTracksResponse
com.jfcardenas.musicwall.api.LastFmApiKt
com.jfcardenas.musicwall.data.local.db.dao.ArtistDao_Impl$Companion
com.jfcardenas.musicwall.api.MasterVersionsResponse
com.jfcardenas.musicwall.api.AlbumInfoDetail
com.jfcardenas.musicwall.data.local.db.entity.ArtistEntity
com.jfcardenas.musicwall.api.TrackSearchResults
com.jfcardenas.musicwall.api.LrcLibApiKt
com.jfcardenas.musicwall.data.local.db.dao.MuralDao
com.jfcardenas.musicwall.api.SearchAlbum
com.jfcardenas.musicwall.api.ArtistItem
...
androidx.exifinterface.media.ExifInterfaceUtils$Api21Impl: long lseek(java.io.FileDescriptor,long,int)
dagger.hilt.android.internal.lifecycle.RetainedLifecycleImpl: void removeOnClearedListener(dagger.hilt.android.lifecycle.RetainedLifecycle$OnClearedListener)
androidx.appcompat.widget.ActionBarOverlayLayout: void setUiOptions(int)
androidx.compose.foundation.layout.Direction: androidx.compose.foundation.layout.Direction valueOf(java.lang.String)
com.google.android.material.button.MaterialButton: void setIconPadding(int)
androidx.constraintlayout.widget.Barrier: int getMargin()
androidx.recyclerview.widget.RecyclerView: androidx.recyclerview.widget.RecyclerView$OnFlingListener getOnFlingListener()
androidx.compose.foundation.text.KeyCommand: androidx.compose.foundation.text.KeyCommand[] values()
com.google.gson.internal.LinkedTreeMap: LinkedTreeMap(boolean)
com.google.gson.stream.JsonReader: int peekNumber()
com.google.gson.internal.bind.TypeAdapters$29: com.google.gson.TypeAdapter create(com.google.gson.Gson,com.google.gson.reflect.TypeToken)
androidx.transition.ViewUtilsApi19$Api29Impl: void setTransitionAlpha(android.view.View,float)
androidx.appcompat.widget.Toolbar: int getTitleMarginStart()
com.google.gson.stream.JsonWriter: boolean getSerializeNulls()
com.google.android.material.internal.NavigationMenuItemView: void setChecked(boolean)
com.google.gson.Gson: java.lang.Object fromJson(java.io.Reader,java.lang.Class)
com.google.android.material.textfield.TextInputLayout: android.content.res.ColorStateList getCounterOverflowTextColor()
androidx.appcompat.widget.AppCompatSpinner: void setPopupBackgroundDrawable(android.graphics.drawable.Drawable)
dagger.hilt.internal.Preconditions: java.lang.Object checkNotNull(java.lang.Object)
androidx.compose.foundation.layout.internal.InlineClassHelperKt: void throwIllegalStateException(java.lang.String)
com.google.android.material.button.MaterialButton: MaterialButton(android.content.Context,android.util.AttributeSet)
com.google.gson.internal.LinkedTreeMap$EntrySet: boolean contains(java.lang.Object)
com.google.gson.Gson: com.google.gson.TypeAdapter longAdapter(com.google.gson.LongSerializationPolicy)
com.google.android.material.internal.FlowLayout: int getLineSpacing()
com.google.gson.internal.bind.JsonTreeWriter: com.google.gson.stream.JsonWriter value(java.lang.Number)
com.google.gson.Gson: java.lang.Object fromJson(java.io.Reader,java.lang.reflect.Type)
androidx.core.view.accessibility.AccessibilityNodeInfoCompat$Api33Impl: android.view.accessibility.AccessibilityNodeInfo$ExtraRenderingInfo getExtraRenderingInfo(android.view.accessibility.AccessibilityNodeInfo)
androidx.constraintlayout.widget.VirtualLayout: void setElevation(float)
com.google.gson.internal.bind.TypeAdapters$26: java.util.Calendar read(com.google.gson.stream.JsonReader)
androidx.appcompat.widget.DialogTitle: DialogTitle(android.content.Context,android.util.AttributeSet)
dagger.hilt.internal.definecomponent.DefineComponentNoParent: DefineComponentNoParent()
androidx.appcompat.widget.AppCompatImageView: void setSupportImageTintMode(android.graphics.PorterDuff$Mode)
com.google.gson.internal.NonNullElementWrapperList: int indexOf(java.lang.Object)
androidx.core.widget.CompoundButtonCompat$Api21Impl: void setButtonTintList(android.widget.CompoundButton,android.content.res.ColorStateList)
com.google.android.material.chip.Chip: void setCloseIconResource(int)
com.google.gson.LongSerializationPolicy: LongSerializationPolicy(java.lang.String,int)
androidx.core.view.VelocityTrackerCompat$Api34Impl: float getAxisVelocity(android.view.VelocityTracker,int)
com.google.gson.Gson: java.lang.String toString()
androidx.lifecycle.LegacySavedStateHandleController$OnRecreation: LegacySavedStateHandleController$OnRecreation()
androidx.navigation.serialization.RouteBuilder$ParamType: androidx.navigation.serialization.RouteBuilder$ParamType[] values()
androidx.work.ExistingWorkPolicy: androidx.work.ExistingWorkPolicy[] values()