app/build/outputs/mapping/release/usage.txt
com.jfcardenas.musicwall.BuildConfig
com.jfcardenas.musicwall.ComposableSingletons$MainActivityKt:
    public final kotlin.jvm.functions.Function2 getLambda$286018260$app_release()
com.jfcardenas.musicwall.DaggerMusicWallApp_HiltComponents_SingletonC:
    private void <init>()
com.jfcardenas.musicwall.Hilt_MainActivity:
    void <init>(int)
com.jfcardenas.musicwall.Hilt_OnboardingActivity:
    void <init>(int)
com.jfcardenas.musicwall.MusicWallApp:
    public final void setWorkerFactory(androidx.hilt.work.HiltWorkerFactory)
com.jfcardenas.musicwall.MusicWallApp_ComponentTreeDeps
com.jfcardenas.musicwall.MusicWallApp_HiltComponents$ActivityC$Builder
com.jfcardenas.musicwall.MusicWallApp_HiltComponents$ActivityCBuilderModule
com.jfcardenas.musicwall.MusicWallApp_HiltComponents$ActivityRetainedC$Builder
com.jfcardenas.musicwall.MusicWallApp_HiltComponents$ActivityRetainedCBuilderModule
com.jfcardenas.musicwall.MusicWallApp_HiltComponents$FragmentC$Builder
com.jfcardenas.musicwall.MusicWallApp_HiltComponents$FragmentCBuilderModule
com.jfcardenas.musicwall.MusicWallApp_HiltComponents$ServiceC$Builder
com.jfcardenas.musicwall.MusicWallApp_HiltComponents$ServiceCBuilderModule
com.jfcardenas.musicwall.MusicWallApp_HiltComponents$ViewC$Builder
com.jfcardenas.musicwall.MusicWallApp_HiltComponents$ViewCBuilderModule
com.jfcardenas.musicwall.MusicWallApp_HiltComponents$ViewModelC$Builder
com.jfcardenas.musicwall.MusicWallApp_HiltComponents$ViewModelCBuilderModule
com.jfcardenas.musicwall.MusicWallApp_HiltComponents$ViewWithFragmentC$Builder
com.jfcardenas.musicwall.MusicWallApp_HiltComponents$ViewWithFragmentCBuilderModule
com.jfcardenas.musicwall.MusicWallApp_HiltComponents
com.jfcardenas.musicwall.MusicWallApp_MembersInjector:
    private final dagger.internal.Provider workerFactoryProvider
    private void <init>(dagger.internal.Provider)
    public static dagger.MembersInjector create(dagger.internal.Provider)
    public void injectMembers(com.jfcardenas.musicwall.MusicWallApp)
    public synthetic bridge void injectMembers(java.lang.Object)
com.jfcardenas.musicwall.R$array
com.jfcardenas.musicwall.R$color
com.jfcardenas.musicwall.R$drawable:
    public static int ic_launcher_foreground
    private void <init>()
com.jfcardenas.musicwall.R$id:
    public static int app_bar
    public static int til_limit
    private void <init>()
com.jfcardenas.musicwall.R$layout:
    private void <init>()
com.jfcardenas.musicwall.R$mipmap:
    public static int ic_launcher_round
    private void <init>()
com.jfcardenas.musicwall.R$string:
    public static int app_name
    public static int change_account
    public static int connect_subtitle
    public static int connected_as
    public static int create_account
    public static int hint_username
    public static int settings_title
    private void <init>()
com.jfcardenas.musicwall.R$style
com.jfcardenas.musicwall.R$xml
com.jfcardenas.musicwall.R
com.jfcardenas.musicwall.auth.GoogleAuthManager_Factory
com.jfcardenas.musicwall.auth.GoogleSignInResult:
    public static final int $stable
    public final java.lang.String component1()
    public final java.lang.String component2()
    public final java.lang.String component3()
    public final com.jfcardenas.musicwall.auth.GoogleSignInResult copy(java.lang.String,java.lang.String,java.lang.String)
    public static synthetic com.jfcardenas.musicwall.auth.GoogleSignInResult copy$default(com.jfcardenas.musicwall.auth.GoogleSignInResult,java.lang.String,java.lang.String,java.lang.String,int,java.lang.Object)
com.jfcardenas.musicwall.auth.UserSessionRepository:
    public final void clearSession()
    public final java.lang.String getAuthProvider()
    public final java.lang.String getEmail()
    public final boolean hasActiveSession()
    public final boolean isOnboardingComplete()
com.jfcardenas.musicwall.auth.UserSessionRepository_Factory
...
androidx.compose.foundation.interaction.DragInteraction$Cancel:
    public static final int $stable
androidx.compose.foundation.interaction.DragInteraction$Start:
    public static final int $stable
androidx.compose.foundation.interaction.DragInteraction$Stop:
    public static final int $stable
androidx.compose.foundation.interaction.DragInteraction
androidx.compose.foundation.interaction.DragInteractionKt$collectIsDraggedAsState$1$1$1
androidx.compose.foundation.interaction.DragInteractionKt$collectIsDraggedAsState$1$1
androidx.compose.foundation.interaction.DragInteractionKt
androidx.compose.foundation.interaction.FocusInteraction$Focus:
    public static final int $stable
androidx.compose.foundation.interaction.FocusInteraction$Unfocus:
    public static final int $stable
androidx.compose.foundation.interaction.FocusInteraction
androidx.compose.foundation.interaction.HoverInteraction$Enter:
    public static final int $stable
androidx.compose.foundation.interaction.HoverInteraction$Exit:
    public static final int $stable
androidx.compose.foundation.interaction.HoverInteraction
androidx.compose.foundation.interaction.HoverInteractionKt$collectIsHoveredAsState$1$1$1
androidx.compose.foundation.interaction.HoverInteractionKt$collectIsHoveredAsState$1$1
androidx.compose.foundation.interaction.HoverInteractionKt
androidx.compose.foundation.interaction.PressInteraction$Cancel:
    public static final int $stable
androidx.compose.foundation.interaction.PressInteraction$Press:
    public static final int $stable
androidx.compose.foundation.interaction.PressInteraction$Release:
    public static final int $stable
androidx.compose.foundation.interaction.PressInteractionKt$collectIsPressedAsState$1$1$1
androidx.compose.foundation.interaction.PressInteractionKt$collectIsPressedAsState$1$1
androidx.compose.foundation.interaction.PressInteractionKt
androidx.compose.foundation.internal.ClipboardUtils:
    public static final int $stable
    public static final java.lang.String readText(androidx.compose.ui.platform.ClipEntry)
androidx.compose.foundation.internal.ClipboardUtils_androidKt:
    private static final byte BACKGROUND_ID
    private static final byte BASELINE_SHIFT_ID
    private static final int BASELINE_SHIFT_SIZE
    private static final int BYTE_SIZE
    private static final byte COLOR_ID
    private static final int COLOR_SIZE
    private static final int FLOAT_SIZE
    private static final byte FONT_FEATURE_SETTINGS_ID
    private static final byte FONT_SIZE_ID
    private static final byte FONT_STYLE_ID
    private static final byte FONT_STYLE_ITALIC
    private static final byte FONT_STYLE_NORMAL
    private static final int FONT_STYLE_SIZE
    private static final byte FONT_SYNTHESIS_ALL
    private static final byte FONT_SYNTHESIS_ID
    private static final byte FONT_SYNTHESIS_NONE
    private static final int FONT_SYNTHESIS_SIZE
    private static final byte FONT_SYNTHESIS_STYLE
    private static final byte FONT_SYNTHESIS_WEIGHT
    private static final byte FONT_WEIGHT_ID
    private static final int FONT_WEIGHT_SIZE
    private static final int INT_SIZE
    private static final byte LETTER_SPACING_ID
    private static final int LONG_SIZE
    private static final java.lang.String PLAIN_TEXT_LABEL
    private static final byte SHADOW_ID
    private static final int SHADOW_SIZE
    private static final byte TEXT_DECORATION_ID
    private static final int TEXT_DECORATION_SIZE
    private static final byte TEXT_GEOMETRIC_TRANSFORM_ID